<?xml version="1.0" encoding="UTF-8"?>
<testng-results skipped="0" failed="0" ignored="0" total="1" passed="1">
  <reporter-output>
  </reporter-output>
  <suite name="Default suite" duration-ms="39515" started-at="2017-05-11T18:33:32Z" finished-at="2017-05-11T18:34:11Z">
    <groups>
    </groups>
    <test name="Default test" duration-ms="39515" started-at="2017-05-11T18:33:32Z" finished-at="2017-05-11T18:34:11Z">
      <class name="selenium.upload">
        <test-method status="PASS" signature="get()[pri:0, instance:selenium.upload@18be83e4]" name="get" duration-ms="39496" started-at="2017-05-12T00:03:32Z" finished-at="2017-05-12T00:04:11Z">
          <reporter-output>
          </reporter-output>
        </test-method> <!-- get -->
      </class> <!-- selenium.upload -->
    </test> <!-- Default test -->
  </suite> <!-- Default suite -->
</testng-results>
